<?xml version="1.0" encoding="UTF-8"?>
<!-- Generated by org.testng.reporters.JUnitXMLReporter -->
<testsuite ignored="0" hostname="rocky" failures="0" tests="1" name="Default test" time="0.073" errors="0" timestamp="2023-01-07T13:10:10 IST">
  <testcase classname="genericLibraries.BaseClass" name="@BeforeClass classSetup" time="0.023">
    <failure type="java.lang.NullPointerException" message="Cannot invoke &amp;quot;java.io.InputStream.markSupported()&amp;quot; because &amp;quot;stream&amp;quot; is null">
      <![CDATA[java.lang.NullPointerException: Cannot invoke "java.io.InputStream.markSupported()" because "stream" is null
at org.apache.poi.poifs.filesystem.FileMagic.prepareToCheckMagic(FileMagic.java:222)
at org.apache.poi.ss.usermodel.WorkbookFactory.create(WorkbookFactory.java:214)
at org.apache.poi.ss.usermodel.WorkbookFactory.create(WorkbookFactory.java:185)
at genericLibraries.ExcelFileUtility.excelInitialization(ExcelFileUtility.java:42)
at genericLibraries.BaseClass.classSetup(BaseClass.java:55)
at java.base/jdk.internal.reflect.NativeMethodAccessorImpl.invoke0(Native Method)
at java.base/jdk.internal.reflect.NativeMethodAccessorImpl.invoke(NativeMethodAccessorImpl.java:77)
at java.base/jdk.internal.reflect.DelegatingMethodAccessorImpl.invoke(DelegatingMethodAccessorImpl.java:43)
at java.base/java.lang.reflect.Method.invoke(Method.java:568)
at org.testng.internal.MethodInvocationHelper.invokeMethod(MethodInvocationHelper.java:133)
at org.testng.internal.MethodInvocationHelper.invokeMethodConsideringTimeout(MethodInvocationHelper.java:62)
at org.testng.internal.ConfigInvoker.invokeConfigurationMethod(ConfigInvoker.java:385)
at org.testng.internal.ConfigInvoker.invokeConfigurations(ConfigInvoker.java:321)
at org.testng.internal.TestMethodWorker.invokeBeforeClassMethods(TestMethodWorker.java:176)
at org.testng.internal.TestMethodWorker.run(TestMethodWorker.java:122)
at java.base/java.util.ArrayList.forEach(ArrayList.java:1511)
at org.testng.TestRunner.privateRun(TestRunner.java:794)
at org.testng.TestRunner.run(TestRunner.java:596)
at org.testng.SuiteRunner.runTest(SuiteRunner.java:377)
at org.testng.SuiteRunner.runSequentially(SuiteRunner.java:371)
at org.testng.SuiteRunner.privateRun(SuiteRunner.java:332)
at org.testng.SuiteRunner.run(SuiteRunner.java:276)
at org.testng.SuiteRunnerWorker.runSuite(SuiteRunnerWorker.java:53)
at org.testng.SuiteRunnerWorker.run(SuiteRunnerWorker.java:96)
at org.testng.TestNG.runSuitesSequentially(TestNG.java:1212)
at org.testng.TestNG.runSuitesLocally(TestNG.java:1134)
at org.testng.TestNG.runSuites(TestNG.java:1063)
at org.testng.TestNG.run(TestNG.java:1031)
at org.testng.remote.AbstractRemoteTestNG.run(AbstractRemoteTestNG.java:115)
at org.testng.remote.RemoteTestNG.initAndRun(RemoteTestNG.java:251)
at org.testng.remote.RemoteTestNG.main(RemoteTestNG.java:77)
]]>
    </failure>
  </testcase> <!-- @BeforeClass classSetup -->
  <testcase classname="genericLibraries.BaseClass" name="@BeforeMethod methodSetup" time="-1.673077210697E9">
    <skipped/>
  </testcase> <!-- @BeforeMethod methodSetup -->
  <testcase classname="genericLibraries.BaseClass" name="@AfterMethod methodTeardown" time="-1.673077210702E9">
    <skipped/>
  </testcase> <!-- @AfterMethod methodTeardown -->
  <testcase classname="genericLibraries.BaseClass" name="@AfterClass classTeardown" time="-1.673077210705E9">
    <skipped/>
  </testcase> <!-- @AfterClass classTeardown -->
  <testcase classname="testNGImplementation.CreateContactWithExistingOrganizationTest" name="createContactTest" time="0.001">
    <skipped/>
  </testcase> <!-- createContactTest -->
</testsuite> <!-- Default test -->
